Arguments: 
  C:\Program Files\nodejs\node.exe C:\Program Files (x86)\Yarn\bin\yarn.js

PATH: 
  C:\Program Files\Git\mingw64\bin;C:\Program Files\Git\usr\bin;C:\Users\paulo.ERIK\bin;C:\Program Files (x86)\Common Files\Oracle\Java\javapath;C:\Program Files (x86)\Common Files\Intel\Shared Libraries\redist\intel64\compiler;C:\ProgramData\Oracle\Java\javapath;C:\Program Files (x86)\AMD APP\bin\x86_64;C:\Program Files (x86)\AMD APP\bin\x86;C:\Windows\system32;C:\Windows;C:\Windows\System32\Wbem;C:\Windows\System32\WindowsPowerShell\v1.0;C:\Program Files (x86)\ATI Technologies\ATI.ACE\Core-Static;C:\Windows\System32\WindowsPowerShell\v1.0;C:\ProgramData\chocolatey\bin;C:\Program Files (x86)\Yarn\bin;C:\Program Files\NVIDIA Corporation\NVIDIA NvDLISR;C:\Program Files\Git\cmd;C:\Program Files\nodejs;C:\Users\paulo.ERIK\AppData\Local\Programs\Microsoft VS Code\bin;C:\Users\paulo.ERIK\AppData\Local\Yarn\bin;C:\Program Files\MySQL\MySQL Server 8.0\bin;C:\Users\paulo.ERIK\AppData\Roaming\npm

Yarn version: 
  1.22.0

Node version: 
  12.18.0

Platform: 
  win32 x64

Trace: 
  Error: EPERM: operation not permitted, unlink 'C:\Users\paulo.ERIK\Documents\www\Aulas\nextlevelweek\booster\server\node_modules\sqlite3\lib\binding\node-v72-win32-x64\node_sqlite3.node'

npm manifest: 
  {
    "name": "server",
    "version": "1.0.0",
    "description": "",
    "main": "index.js",
    "scripts": {
      "dev": "ts-node-dev --transpileOnly --ignore-watch node_modules src/server.ts",
      "knex:migrate": "knex --knexfile knexfile.ts migrate:latest",
      "knex:seed": "knex --knexfile knexfile.ts seed:run"
    },
    "keywords": [],
    "author": "",
    "license": "ISC",
    "dependencies": {
      "celebrate": "^12.1.1",
      "cors": "^2.8.5",
      "express": "^4.17.1",
      "knex": "^0.21.1",
      "multer": "^1.4.2",
      "sqlite3": "^4.2.0"
    },
    "devDependencies": {
      "@types/cors": "^2.8.6",
      "@types/express": "^4.17.6",
      "@types/hapi__joi": "^17.1.2",
      "@types/multer": "^1.4.3",
      "ts-node": "^8.10.2",
      "ts-node-dev": "^1.0.0-pre.44",
      "typescript": "^3.9.3"
    }
  }

yarn manifest: 
  No manifest

Lockfile: 
  No lockfile
